<?xml version="1.0" encoding="UTF-8" ?>
<testsuite errors="0" failures="0" hostname="Petr-PC" name="cz.alej.michalik.totp_test.utility.HMACTest" skipped="0" tests="2" time="0.226" timestamp="2017-01-21T13:21:33">
  <properties>
[...]
</properties>
  <testcase classname="cz.alej.michalik.totp_test.utility.HMACTest" name="emptyString" time="0.177" />
  <testcase classname="cz.alej.michalik.totp_test.utility.HMACTest" name="testString" time="0.001" />
  <system-out><![CDATA[]]></system-out>
  <system-err><![CDATA[]]></system-err>
</testsuite>
